SRR3001750.500.fastq
459 reads; of these:
  459 (100.00%) were unpaired; of these:
    391 (85.19%) aligned 0 times
    29 (6.32%) aligned exactly 1 time
    39 (8.50%) aligned >1 times
14.81% overall alignment rate
SRR3001751.500.fastq
499 reads; of these:
  499 (100.00%) were unpaired; of these:
    402 (80.56%) aligned 0 times
    53 (10.62%) aligned exactly 1 time
    44 (8.82%) aligned >1 times
19.44% overall alignment rate
SRR3001752.500.fastq
446 reads; of these:
  446 (100.00%) were unpaired; of these:
    349 (78.25%) aligned 0 times
    55 (12.33%) aligned exactly 1 time
    42 (9.42%) aligned >1 times
21.75% overall alignment rate
SRR3001753.500.fastq
500 reads; of these:
  500 (100.00%) were unpaired; of these:
    400 (80.00%) aligned 0 times
    51 (10.20%) aligned exactly 1 time
    49 (9.80%) aligned >1 times
20.00% overall alignment rate
SRR3001754.500.fastq
500 reads; of these:
  500 (100.00%) were unpaired; of these:
    405 (81.00%) aligned 0 times
    55 (11.00%) aligned exactly 1 time
    40 (8.00%) aligned >1 times
19.00% overall alignment rate
SRR3001755.500.fastq
499 reads; of these:
  499 (100.00%) were unpaired; of these:
    409 (81.96%) aligned 0 times
    30 (6.01%) aligned exactly 1 time
    60 (12.02%) aligned >1 times
18.04% overall alignment rate
SRR3001756.500.fastq
464 reads; of these:
  464 (100.00%) were unpaired; of these:
    370 (79.74%) aligned 0 times
    26 (5.60%) aligned exactly 1 time
    68 (14.66%) aligned >1 times
20.26% overall alignment rate
SRR3001757.500.fastq
500 reads; of these:
  500 (100.00%) were unpaired; of these:
    379 (75.80%) aligned 0 times
    72 (14.40%) aligned exactly 1 time
    49 (9.80%) aligned >1 times
24.20% overall alignment rate
SRR3001758.500.fastq
500 reads; of these:
  500 (100.00%) were unpaired; of these:
    384 (76.80%) aligned 0 times
    66 (13.20%) aligned exactly 1 time
    50 (10.00%) aligned >1 times
23.20% overall alignment rate
SRR3001759.500.fastq
448 reads; of these:
  448 (100.00%) were unpaired; of these:
    368 (82.14%) aligned 0 times
    32 (7.14%) aligned exactly 1 time
    48 (10.71%) aligned >1 times
17.86% overall alignment rate
SRR3001760.500.fastq
500 reads; of these:
  500 (100.00%) were unpaired; of these:
    417 (83.40%) aligned 0 times
    39 (7.80%) aligned exactly 1 time
    44 (8.80%) aligned >1 times
16.60% overall alignment rate
SRR3001761.500.fastq
464 reads; of these:
  464 (100.00%) were unpaired; of these:
    349 (75.22%) aligned 0 times
    70 (15.09%) aligned exactly 1 time
    45 (9.70%) aligned >1 times
24.78% overall alignment rate
SRR3001762.500.fastq
500 reads; of these:
  500 (100.00%) were unpaired; of these:
    386 (77.20%) aligned 0 times
    62 (12.40%) aligned exactly 1 time
    52 (10.40%) aligned >1 times
22.80% overall alignment rate
SRR3001763.500.fastq
498 reads; of these:
  498 (100.00%) were unpaired; of these:
    395 (79.32%) aligned 0 times
    55 (11.04%) aligned exactly 1 time
    48 (9.64%) aligned >1 times
20.68% overall alignment rate
SRR3001764.500.fastq
498 reads; of these:
  498 (100.00%) were unpaired; of these:
    416 (83.53%) aligned 0 times
    39 (7.83%) aligned exactly 1 time
    43 (8.63%) aligned >1 times
16.47% overall alignment rate
SRR3001765.500.fastq
455 reads; of these:
  455 (100.00%) were unpaired; of these:
    356 (78.24%) aligned 0 times
    41 (9.01%) aligned exactly 1 time
    58 (12.75%) aligned >1 times
21.76% overall alignment rate
SRR3001766.500.fastq
500 reads; of these:
  500 (100.00%) were unpaired; of these:
    375 (75.00%) aligned 0 times
    76 (15.20%) aligned exactly 1 time
    49 (9.80%) aligned >1 times
25.00% overall alignment rate
SRR3001767.500.fastq
500 reads; of these:
  500 (100.00%) were unpaired; of these:
    353 (70.60%) aligned 0 times
    91 (18.20%) aligned exactly 1 time
    56 (11.20%) aligned >1 times
29.40% overall alignment rate
SRR3001768.500.fastq
500 reads; of these:
  500 (100.00%) were unpaired; of these:
    387 (77.40%) aligned 0 times
    54 (10.80%) aligned exactly 1 time
    59 (11.80%) aligned >1 times
22.60% overall alignment rate
SRR3001769.500.fastq
500 reads; of these:
  500 (100.00%) were unpaired; of these:
    365 (73.00%) aligned 0 times
    65 (13.00%) aligned exactly 1 time
    70 (14.00%) aligned >1 times
27.00% overall alignment rate
SRR3001770.500.fastq
499 reads; of these:
  499 (100.00%) were unpaired; of these:
    403 (80.76%) aligned 0 times
    47 (9.42%) aligned exactly 1 time
    49 (9.82%) aligned >1 times
19.24% overall alignment rate
SRR3001771.500.fastq
498 reads; of these:
  498 (100.00%) were unpaired; of these:
    415 (83.33%) aligned 0 times
    35 (7.03%) aligned exactly 1 time
    48 (9.64%) aligned >1 times
16.67% overall alignment rate
SRR3001772.500.fastq
499 reads; of these:
  499 (100.00%) were unpaired; of these:
    416 (83.37%) aligned 0 times
    26 (5.21%) aligned exactly 1 time
    57 (11.42%) aligned >1 times
16.63% overall alignment rate
SRR3001773.500.fastq
500 reads; of these:
  500 (100.00%) were unpaired; of these:
    376 (75.20%) aligned 0 times
    50 (10.00%) aligned exactly 1 time
    74 (14.80%) aligned >1 times
24.80% overall alignment rate
SRR3001774.500.fastq
500 reads; of these:
  500 (100.00%) were unpaired; of these:
    352 (70.40%) aligned 0 times
    62 (12.40%) aligned exactly 1 time
    86 (17.20%) aligned >1 times
29.60% overall alignment rate
SRR3001775.500.fastq
500 reads; of these:
  500 (100.00%) were unpaired; of these:
    384 (76.80%) aligned 0 times
    47 (9.40%) aligned exactly 1 time
    69 (13.80%) aligned >1 times
23.20% overall alignment rate
SRR3001776.500.fastq
500 reads; of these:
  500 (100.00%) were unpaired; of these:
    361 (72.20%) aligned 0 times
    57 (11.40%) aligned exactly 1 time
    82 (16.40%) aligned >1 times
27.80% overall alignment rate
